<?xml version="1.0" encoding="UTF-8" ?>
<testsuite failures="0" time="1.264" errors="0" skipped="0" tests="1" name="eu.paniw.timetable.NewTest">
  <properties>
    <property name="java.runtime.name" value="Java(TM) SE Runtime Environment"/>
    <property name="sun.boot.library.path" value="/usr/local/lib/jdk1.6.0_16/jre/lib/i386"/>
    <property name="java.vm.version" value="14.2-b01"/>
    <property name="java.vm.vendor" value="Sun Microsystems Inc."/>
    <property name="java.vendor.url" value="http://java.sun.com/"/>
    <property name="path.separator" value=":"/>
    <property name="java.vm.name" value="Java HotSpot(TM) Server VM"/>
    <property name="file.encoding.pkg" value="sun.io"/>
    <property name="user.country" value="PL"/>
    <property name="sun.java.launcher" value="SUN_STANDARD"/>
    <property name="sun.os.patch.level" value="unknown"/>
    <property name="java.vm.specification.name" value="Java Virtual Machine Specification"/>
    <property name="user.dir" value="/home/webgp/eclipse-workspace/timetablepk"/>
    <property name="java.runtime.version" value="1.6.0_16-b01"/>
    <property name="java.awt.graphicsenv" value="sun.awt.X11GraphicsEnvironment"/>
    <property name="basedir" value="/home/webgp/eclipse-workspace/timetablepk"/>
    <property name="java.endorsed.dirs" value="/usr/local/lib/jdk1.6.0_16/jre/lib/endorsed"/>
    <property name="os.arch" value="i386"/>
    <property name="surefire.real.class.path" value="/tmp/surefirebooter2565748267879156366.jar"/>
    <property name="java.io.tmpdir" value="/tmp"/>
    <property name="line.separator" value="
"/>
    <property name="java.vm.specification.vendor" value="Sun Microsystems Inc."/>
    <property name="os.name" value="Linux"/>
    <property name="sun.jnu.encoding" value="UTF-8"/>
    <property name="java.library.path" value="/usr/local/lib/jdk1.6.0_16/jre/lib/i386/server:/usr/local/lib/jdk1.6.0_16/jre/lib/i386:/usr/local/lib/jdk1.6.0_16/jre/../lib/i386:/usr/java/packages/lib/i386:/lib:/usr/lib"/>
    <property name="surefire.test.class.path" value="/home/webgp/eclipse-workspace/timetablepk/target/test-classes:/home/webgp/eclipse-workspace/timetablepk/target/classes:/home/webgp/.m2/repository/org/apache/wicket/wicket/1.4.3/wicket-1.4.3.jar:/home/webgp/.m2/repository/org/slf4j/slf4j-api/1.5.5/slf4j-api-1.5.5.jar:/home/webgp/.m2/repository/org/apache/wicket/wicket-extensions/1.4.3/wicket-extensions-1.4.3.jar:/home/webgp/.m2/repository/org/apache/wicket/wicket-datetime/1.4.3/wicket-datetime-1.4.3.jar:/home/webgp/.m2/repository/joda-time/joda-time/1.6/joda-time-1.6.jar:/home/webgp/.m2/repository/org/apache/wicket/wicket-auth-roles/1.4.3/wicket-auth-roles-1.4.3.jar:/home/webgp/.m2/repository/net/databinder/databinder-app-hib/1.3.0/databinder-app-hib-1.3.0.jar:/home/webgp/.m2/repository/net/databinder/databinder-auth-components-hib/1.3.0/databinder-auth-components-hib-1.3.0.jar:/home/webgp/.m2/repository/net/databinder/databinder-auth-components/1.3.0/databinder-auth-components-1.3.0.jar:/home/webgp/.m2/repository/net/databinder/databinder-components/1.3.0/databinder-components-1.3.0.jar:/home/webgp/.m2/repository/net/databinder/databinder-models/1.3.0/databinder-models-1.3.0.jar:/home/webgp/.m2/repository/net/databinder/databinder-components-hib/1.3.0/databinder-components-hib-1.3.0.jar:/home/webgp/.m2/repository/net/databinder/databinder-models-hib/1.3.0/databinder-models-hib-1.3.0.jar:/home/webgp/.m2/repository/org/hibernate/hibernate-core/3.3.1.GA/hibernate-core-3.3.1.GA.jar:/home/webgp/.m2/repository/antlr/antlr/2.7.6/antlr-2.7.6.jar:/home/webgp/.m2/repository/commons-collections/commons-collections/3.1/commons-collections-3.1.jar:/home/webgp/.m2/repository/dom4j/dom4j/1.6.1/dom4j-1.6.1.jar:/home/webgp/.m2/repository/xml-apis/xml-apis/1.0.b2/xml-apis-1.0.b2.jar:/home/webgp/.m2/repository/javax/transaction/jta/1.1/jta-1.1.jar:/home/webgp/.m2/repository/org/hibernate/ejb3-persistence/3.3.2.Beta1/ejb3-persistence-3.3.2.Beta1.jar:/home/webgp/.m2/repository/net/databinder/databinder-app/1.3.0/databinder-app-1.3.0.jar:/home/webgp/.m2/repository/org/hibernate/hibernate-annotations/3.3.1.GA/hibernate-annotations-3.3.1.GA.jar:/home/webgp/.m2/repository/org/hibernate/hibernate-commons-annotations/3.3.0.ga/hibernate-commons-annotations-3.3.0.ga.jar:/home/webgp/.m2/repository/javassist/javassist/3.4.GA/javassist-3.4.GA.jar:/home/webgp/.m2/repository/org/hibernate/hibernate-c3p0/3.3.1.GA/hibernate-c3p0-3.3.1.GA.jar:/home/webgp/.m2/repository/c3p0/c3p0/0.9.1/c3p0-0.9.1.jar:/home/webgp/.m2/repository/net/databinder/databinder-valid-hib/1.3.0/databinder-valid-hib-1.3.0.jar:/home/webgp/.m2/repository/org/hibernate/hibernate-validator/3.1.0.GA/hibernate-validator-3.1.0.GA.jar:/home/webgp/.m2/repository/junit/junit/4.5/junit-4.5.jar:/home/webgp/.m2/repository/org/slf4j/slf4j-jdk14/1.5.5/slf4j-jdk14-1.5.5.jar:/home/webgp/.m2/repository/org/hibernate/hibernate/3.3.1.GA/hibernate-3.3.1.GA.jar:/home/webgp/.m2/repository/org/hibernate/hibernate-cglib-repack/2.1_3/hibernate-cglib-repack-2.1_3.jar:/home/webgp/.m2/repository/commons-logging/commons-logging/1.0.4/commons-logging-1.0.4.jar:/home/webgp/.m2/repository/javax/persistence/persistence-api/1.0/persistence-api-1.0.jar:/home/webgp/.m2/repository/postgresql/postgresql/8.3-603.jdbc4/postgresql-8.3-603.jdbc4.jar:/home/webgp/.m2/repository/org/wicketstuff/wicketstuff-annotation/1.1/wicketstuff-annotation-1.1.jar:/home/webgp/.m2/repository/org/springframework/spring-core/2.5.2/spring-core-2.5.2.jar:/home/webgp/.m2/repository/org/slf4j/slf4j-log4j12/1.5.0/slf4j-log4j12-1.5.0.jar:/home/webgp/.m2/repository/log4j/log4j/1.2.13/log4j-1.2.13.jar:/home/webgp/.m2/repository/org/wicketstuff/wicketstuff-dojo/1.3.0-beta/wicketstuff-dojo-1.3.0-beta.jar:/home/webgp/.m2/repository/javax/servlet/servlet-api/2.5/servlet-api-2.5.jar:"/>
    <property name="java.specification.name" value="Java Platform API Specification"/>
    <property name="java.class.version" value="50.0"/>
    <property name="sun.management.compiler" value="HotSpot Tiered Compilers"/>
    <property name="os.version" value="2.6.31-14-generic"/>
    <property name="user.home" value="/home/webgp"/>
    <property name="user.timezone" value="Poland"/>
    <property name="java.awt.printerjob" value="sun.print.PSPrinterJob"/>
    <property name="file.encoding" value="UTF-8"/>
    <property name="java.specification.version" value="1.6"/>
    <property name="user.name" value="webgp"/>
    <property name="java.class.path" value="/home/webgp/eclipse-workspace/timetablepk/target/test-classes:/home/webgp/eclipse-workspace/timetablepk/target/classes:/home/webgp/.m2/repository/org/apache/wicket/wicket/1.4.3/wicket-1.4.3.jar:/home/webgp/.m2/repository/org/slf4j/slf4j-api/1.5.5/slf4j-api-1.5.5.jar:/home/webgp/.m2/repository/org/apache/wicket/wicket-extensions/1.4.3/wicket-extensions-1.4.3.jar:/home/webgp/.m2/repository/org/apache/wicket/wicket-datetime/1.4.3/wicket-datetime-1.4.3.jar:/home/webgp/.m2/repository/joda-time/joda-time/1.6/joda-time-1.6.jar:/home/webgp/.m2/repository/org/apache/wicket/wicket-auth-roles/1.4.3/wicket-auth-roles-1.4.3.jar:/home/webgp/.m2/repository/net/databinder/databinder-app-hib/1.3.0/databinder-app-hib-1.3.0.jar:/home/webgp/.m2/repository/net/databinder/databinder-auth-components-hib/1.3.0/databinder-auth-components-hib-1.3.0.jar:/home/webgp/.m2/repository/net/databinder/databinder-auth-components/1.3.0/databinder-auth-components-1.3.0.jar:/home/webgp/.m2/repository/net/databinder/databinder-components/1.3.0/databinder-components-1.3.0.jar:/home/webgp/.m2/repository/net/databinder/databinder-models/1.3.0/databinder-models-1.3.0.jar:/home/webgp/.m2/repository/net/databinder/databinder-components-hib/1.3.0/databinder-components-hib-1.3.0.jar:/home/webgp/.m2/repository/net/databinder/databinder-models-hib/1.3.0/databinder-models-hib-1.3.0.jar:/home/webgp/.m2/repository/org/hibernate/hibernate-core/3.3.1.GA/hibernate-core-3.3.1.GA.jar:/home/webgp/.m2/repository/antlr/antlr/2.7.6/antlr-2.7.6.jar:/home/webgp/.m2/repository/commons-collections/commons-collections/3.1/commons-collections-3.1.jar:/home/webgp/.m2/repository/dom4j/dom4j/1.6.1/dom4j-1.6.1.jar:/home/webgp/.m2/repository/xml-apis/xml-apis/1.0.b2/xml-apis-1.0.b2.jar:/home/webgp/.m2/repository/javax/transaction/jta/1.1/jta-1.1.jar:/home/webgp/.m2/repository/org/hibernate/ejb3-persistence/3.3.2.Beta1/ejb3-persistence-3.3.2.Beta1.jar:/home/webgp/.m2/repository/net/databinder/databinder-app/1.3.0/databinder-app-1.3.0.jar:/home/webgp/.m2/repository/org/hibernate/hibernate-annotations/3.3.1.GA/hibernate-annotations-3.3.1.GA.jar:/home/webgp/.m2/repository/org/hibernate/hibernate-commons-annotations/3.3.0.ga/hibernate-commons-annotations-3.3.0.ga.jar:/home/webgp/.m2/repository/javassist/javassist/3.4.GA/javassist-3.4.GA.jar:/home/webgp/.m2/repository/org/hibernate/hibernate-c3p0/3.3.1.GA/hibernate-c3p0-3.3.1.GA.jar:/home/webgp/.m2/repository/c3p0/c3p0/0.9.1/c3p0-0.9.1.jar:/home/webgp/.m2/repository/net/databinder/databinder-valid-hib/1.3.0/databinder-valid-hib-1.3.0.jar:/home/webgp/.m2/repository/org/hibernate/hibernate-validator/3.1.0.GA/hibernate-validator-3.1.0.GA.jar:/home/webgp/.m2/repository/junit/junit/4.5/junit-4.5.jar:/home/webgp/.m2/repository/org/slf4j/slf4j-jdk14/1.5.5/slf4j-jdk14-1.5.5.jar:/home/webgp/.m2/repository/org/hibernate/hibernate/3.3.1.GA/hibernate-3.3.1.GA.jar:/home/webgp/.m2/repository/org/hibernate/hibernate-cglib-repack/2.1_3/hibernate-cglib-repack-2.1_3.jar:/home/webgp/.m2/repository/commons-logging/commons-logging/1.0.4/commons-logging-1.0.4.jar:/home/webgp/.m2/repository/javax/persistence/persistence-api/1.0/persistence-api-1.0.jar:/home/webgp/.m2/repository/postgresql/postgresql/8.3-603.jdbc4/postgresql-8.3-603.jdbc4.jar:/home/webgp/.m2/repository/org/wicketstuff/wicketstuff-annotation/1.1/wicketstuff-annotation-1.1.jar:/home/webgp/.m2/repository/org/springframework/spring-core/2.5.2/spring-core-2.5.2.jar:/home/webgp/.m2/repository/org/slf4j/slf4j-log4j12/1.5.0/slf4j-log4j12-1.5.0.jar:/home/webgp/.m2/repository/log4j/log4j/1.2.13/log4j-1.2.13.jar:/home/webgp/.m2/repository/org/wicketstuff/wicketstuff-dojo/1.3.0-beta/wicketstuff-dojo-1.3.0-beta.jar:/home/webgp/.m2/repository/javax/servlet/servlet-api/2.5/servlet-api-2.5.jar:"/>
    <property name="java.vm.specification.version" value="1.0"/>
    <property name="sun.arch.data.model" value="32"/>
    <property name="java.home" value="/usr/local/lib/jdk1.6.0_16/jre"/>
    <property name="java.specification.vendor" value="Sun Microsystems Inc."/>
    <property name="user.language" value="pl"/>
    <property name="java.vm.info" value="mixed mode"/>
    <property name="java.version" value="1.6.0_16"/>
    <property name="java.ext.dirs" value="/usr/local/lib/jdk1.6.0_16/jre/lib/ext:/usr/java/packages/lib/ext"/>
    <property name="sun.boot.class.path" value="/usr/local/lib/jdk1.6.0_16/jre/lib/resources.jar:/usr/local/lib/jdk1.6.0_16/jre/lib/rt.jar:/usr/local/lib/jdk1.6.0_16/jre/lib/sunrsasign.jar:/usr/local/lib/jdk1.6.0_16/jre/lib/jsse.jar:/usr/local/lib/jdk1.6.0_16/jre/lib/jce.jar:/usr/local/lib/jdk1.6.0_16/jre/lib/charsets.jar:/usr/local/lib/jdk1.6.0_16/jre/classes"/>
    <property name="java.vendor" value="Sun Microsystems Inc."/>
    <property name="localRepository" value="/home/webgp/.m2/repository"/>
    <property name="file.separator" value="/"/>
    <property name="java.vendor.url.bug" value="http://java.sun.com/cgi-bin/bugreport.cgi"/>
    <property name="sun.cpu.endian" value="little"/>
    <property name="sun.io.unicode.encoding" value="UnicodeLittle"/>
    <property name="sun.desktop" value="gnome"/>
    <property name="sun.cpu.isalist" value=""/>
  </properties>
  <testcase time="1.239" classname="eu.paniw.timetable.NewTest" name="testData"/>
</testsuite>